Attribute   | Format string   | Description
============+=================+=================================
asctime     | %(asctime)s     | Human-readable date/time
levelname   | %(levelname)s   | Logging level string
filename    | %(filename)s    | Filename of current module
funcName    | %(funcName)s    | Name of current function
lineno      | %(lineno)d      | Line number of logging call
module      | %(module)s      | Module name (without .py)
message     | %(message)s     | Log Message
name        | %(name)s        | Logger instance name
process     | %(process)d     | Process ID
processName | %(processName)s | Process Name
thread      | %(thread)d      | Thread ID
threadName  | %(threadName)s  | Thread Name

2020-04-17 00:09:21,536 - driver - INFO - Browser initializing start..
2020-04-17 00:09:26,834 - driver - INFO - Find element by: css selector, value: input#input-username
2020-04-17 00:09:26,874 - driver - INFO - Element was found by: css selector, value: input#input-username
2020-04-17 00:09:26,961 - driver - INFO - Value of element input was changed with <>
2020-04-17 00:09:27,138 - driver - INFO - Value of element input was changed with <admin>
2020-04-17 00:09:27,138 - driver - INFO - Find element by: css selector, value: input#input-password
2020-04-17 00:09:27,161 - driver - INFO - Element was found by: css selector, value: input#input-password
2020-04-17 00:09:27,227 - driver - INFO - Value of element input was changed with <>
2020-04-17 00:09:27,322 - driver - INFO - Value of element input was changed with <admin>
2020-04-17 00:09:27,323 - driver - INFO - Find element by: css selector, value: button[type=submit]
2020-04-17 00:09:27,340 - driver - INFO - Element was found by: css selector, value: button[type=submit]
2020-04-17 00:09:27,959 - driver - INFO - Find element by: css selector, value: img#user-profile
2020-04-17 00:09:28,108 - driver - INFO - Element was found by: css selector, value: img#user-profile
2020-04-17 00:09:28,317 - driver - INFO - Driver quit
17.04.2020 00:10:50 INFO driver conftest.py:62 Browser initializing start..
17.04.2020 00:10:55 INFO driver conftest.py:104 Find element by: css selector, value: input#input-username
17.04.2020 00:10:55 INFO driver conftest.py:107 Element was found by: css selector, value: input#input-username
17.04.2020 00:10:55 INFO driver conftest.py:95 Value of element input was changed with <>
17.04.2020 00:10:55 INFO driver conftest.py:95 Value of element input was changed with <admin>
17.04.2020 00:10:55 INFO driver conftest.py:104 Find element by: css selector, value: input#input-password
17.04.2020 00:10:56 INFO driver conftest.py:107 Element was found by: css selector, value: input#input-password
17.04.2020 00:10:56 INFO driver conftest.py:95 Value of element input was changed with <>
17.04.2020 00:10:56 INFO driver conftest.py:95 Value of element input was changed with <admin>
17.04.2020 00:10:56 INFO driver conftest.py:104 Find element by: css selector, value: button[type=submit]
17.04.2020 00:10:56 INFO driver conftest.py:107 Element was found by: css selector, value: button[type=submit]
17.04.2020 00:10:57 INFO driver conftest.py:104 Find element by: css selector, value: img#user-profile
17.04.2020 00:10:57 INFO driver conftest.py:107 Element was found by: css selector, value: img#user-profile
17.04.2020 00:10:57 INFO driver conftest.py:110 Driver quit
17.04.2020 00:24:45 INFO driver conftest.py:72 Browser initializing start..
17.04.2020 00:24:49 INFO driver conftest.py:120 Driver quit
17.04.2020 00:25:20 INFO driver conftest.py:72 Browser initializing start..
17.04.2020 00:25:24 INFO driver conftest.py:114 Find element by: css selector, value: input#input-username
17.04.2020 00:25:24 INFO driver conftest.py:117 Element was found by: css selector, value: input#input-username
17.04.2020 00:25:24 INFO driver conftest.py:105 Value of element input was changed with <>
17.04.2020 00:25:25 INFO driver conftest.py:105 Value of element input was changed with <admin>
17.04.2020 00:25:25 INFO driver conftest.py:114 Find element by: css selector, value: input#input-password
17.04.2020 00:25:25 INFO driver conftest.py:117 Element was found by: css selector, value: input#input-password
17.04.2020 00:25:25 INFO driver conftest.py:105 Value of element input was changed with <>
17.04.2020 00:25:25 INFO driver conftest.py:105 Value of element input was changed with <admin>
17.04.2020 00:25:25 INFO driver conftest.py:114 Find element by: css selector, value: button[type=submit]
17.04.2020 00:25:25 INFO driver conftest.py:117 Element was found by: css selector, value: button[type=submit]
17.04.2020 00:25:26 INFO driver conftest.py:114 Find element by: css selector, value: img#user-profile
17.04.2020 00:25:26 INFO driver conftest.py:117 Element was found by: css selector, value: img#user-profile
17.04.2020 00:25:26 INFO driver conftest.py:120 Driver quit
17.04.2020 00:26:57 INFO driver conftest.py:72 Browser initializing start..
17.04.2020 00:27:02 INFO driver conftest.py:114 Find element by: css selector, value: input#input-username
17.04.2020 00:27:02 INFO driver conftest.py:117 Element was found by: css selector, value: input#input-username
17.04.2020 00:27:02 INFO driver conftest.py:105 Value of element input was changed with <>
17.04.2020 00:27:03 INFO driver conftest.py:105 Value of element input was changed with <admin>
17.04.2020 00:27:03 INFO driver conftest.py:114 Find element by: css selector, value: input#input-password
17.04.2020 00:27:03 INFO driver conftest.py:117 Element was found by: css selector, value: input#input-password
17.04.2020 00:27:03 INFO driver conftest.py:105 Value of element input was changed with <>
17.04.2020 00:27:03 INFO driver conftest.py:105 Value of element input was changed with <admin>
17.04.2020 00:27:03 INFO driver conftest.py:114 Find element by: css selector, value: button[type=submit]
17.04.2020 00:27:03 INFO driver conftest.py:117 Element was found by: css selector, value: button[type=submit]
17.04.2020 00:27:04 INFO driver conftest.py:114 Find element by: css selector, value: img#user-profile
17.04.2020 00:27:04 INFO driver conftest.py:117 Element was found by: css selector, value: img#user-profile
17.04.2020 00:27:04 INFO driver conftest.py:120 Driver quit
17.04.2020 00:27:36 INFO driver conftest.py:72 Browser initializing start..
17.04.2020 00:35:14 INFO driver conftest.py:120 Driver quit
17.04.2020 00:35:43 INFO driver conftest.py:72 Browser initializing start..
17.04.2020 00:35:48 INFO driver conftest.py:114 Find element by: css selector, value: input#input-username
17.04.2020 00:35:48 INFO driver conftest.py:117 Element was found by: css selector, value: input#input-username
17.04.2020 00:35:48 INFO driver conftest.py:105 Value of element input was changed with <>
17.04.2020 00:35:49 INFO driver conftest.py:105 Value of element input was changed with <admin>
17.04.2020 00:35:49 INFO driver conftest.py:114 Find element by: css selector, value: input#input-password
17.04.2020 00:35:49 INFO driver conftest.py:117 Element was found by: css selector, value: input#input-password
17.04.2020 00:35:49 INFO driver conftest.py:105 Value of element input was changed with <>
17.04.2020 00:35:49 INFO driver conftest.py:105 Value of element input was changed with <admin>
17.04.2020 00:35:49 INFO driver conftest.py:114 Find element by: css selector, value: button[type=submit]
17.04.2020 00:35:49 INFO driver conftest.py:117 Element was found by: css selector, value: button[type=submit]
17.04.2020 00:35:50 INFO driver conftest.py:114 Find element by: css selector, value: img#user-profile
17.04.2020 00:35:50 INFO driver conftest.py:117 Element was found by: css selector, value: img#user-profile
17.04.2020 00:35:50 INFO driver conftest.py:120 Driver quit
17.04.2020 00:36:12 INFO driver conftest.py:72 Browser initializing start..
17.04.2020 00:36:16 INFO driver conftest.py:114 Find element by: css selector, value: input#input-username
17.04.2020 00:36:16 INFO driver conftest.py:117 Element was found by: css selector, value: input#input-username
17.04.2020 00:36:16 INFO driver conftest.py:105 Value of element input was changed with <>
17.04.2020 00:36:17 INFO driver conftest.py:105 Value of element input was changed with <admin>
17.04.2020 00:36:17 INFO driver conftest.py:114 Find element by: css selector, value: input#input-password
17.04.2020 00:36:17 INFO driver conftest.py:117 Element was found by: css selector, value: input#input-password
17.04.2020 00:36:17 INFO driver conftest.py:105 Value of element input was changed with <>
17.04.2020 00:36:17 INFO driver conftest.py:105 Value of element input was changed with <admin>
17.04.2020 00:36:17 INFO driver conftest.py:114 Find element by: css selector, value: button[type=submit]
17.04.2020 00:36:17 INFO driver conftest.py:117 Element was found by: css selector, value: button[type=submit]
17.04.2020 00:36:21 INFO driver conftest.py:114 Find element by: css selector, value: img#user-profile
17.04.2020 00:36:21 INFO driver conftest.py:117 Element was found by: css selector, value: img#user-profile
17.04.2020 00:36:21 INFO driver conftest.py:120 Driver quit
17.04.2020 00:36:37 INFO driver conftest.py:72 Browser initializing start..
17.04.2020 00:36:41 INFO driver conftest.py:114 Find element by: css selector, value: input#input-username
17.04.2020 00:36:42 INFO driver conftest.py:117 Element was found by: css selector, value: input#input-username
17.04.2020 00:36:42 INFO driver conftest.py:105 Value of element input was changed with <>
17.04.2020 00:36:42 INFO driver conftest.py:105 Value of element input was changed with <admin>
17.04.2020 00:36:42 INFO driver conftest.py:114 Find element by: css selector, value: input#input-password
17.04.2020 00:36:42 INFO driver conftest.py:117 Element was found by: css selector, value: input#input-password
17.04.2020 00:36:42 INFO driver conftest.py:105 Value of element input was changed with <>
17.04.2020 00:36:42 INFO driver conftest.py:105 Value of element input was changed with <admin>
17.04.2020 00:36:42 INFO driver conftest.py:114 Find element by: css selector, value: button[type=submit]
17.04.2020 00:36:42 INFO driver conftest.py:117 Element was found by: css selector, value: button[type=submit]
17.04.2020 00:36:47 INFO driver conftest.py:114 Find element by: css selector, value: img#user-profile
17.04.2020 00:36:47 INFO driver conftest.py:117 Element was found by: css selector, value: img#user-profile
17.04.2020 00:36:47 INFO driver conftest.py:120 Driver quit
17.04.2020 00:38:19 INFO driver conftest.py:72 Browser initializing start..
17.04.2020 00:38:57 INFO driver conftest.py:114 Find element by: css selector, value: input#input-username
17.04.2020 00:38:57 INFO driver conftest.py:117 Element was found by: css selector, value: input#input-username
17.04.2020 00:38:57 INFO driver conftest.py:105 Value of element input was changed with <>
17.04.2020 00:38:57 INFO driver conftest.py:105 Value of element input was changed with <admin>
17.04.2020 00:38:57 INFO driver conftest.py:114 Find element by: css selector, value: input#input-password
17.04.2020 00:38:57 INFO driver conftest.py:117 Element was found by: css selector, value: input#input-password
17.04.2020 00:38:58 INFO driver conftest.py:105 Value of element input was changed with <>
17.04.2020 00:38:58 INFO driver conftest.py:105 Value of element input was changed with <admin>
17.04.2020 00:38:58 INFO driver conftest.py:114 Find element by: css selector, value: button[type=submit]
17.04.2020 00:38:58 INFO driver conftest.py:117 Element was found by: css selector, value: button[type=submit]
17.04.2020 00:39:04 INFO driver conftest.py:114 Find element by: css selector, value: img#user-profile
17.04.2020 00:39:04 INFO driver conftest.py:117 Element was found by: css selector, value: img#user-profile
17.04.2020 00:39:04 INFO driver conftest.py:120 Driver quit
17.04.2020 00:43:50 INFO driver conftest.py:74 Browser initializing start..
17.04.2020 00:43:54 INFO driver conftest.py:116 Find element by: css selector, value: input#input-username
17.04.2020 00:43:54 INFO driver conftest.py:119 Element was found by: css selector, value: input#input-username
17.04.2020 00:43:54 INFO driver conftest.py:107 Value of element input was changed with <>
17.04.2020 00:43:54 INFO driver conftest.py:107 Value of element input was changed with <admin>
17.04.2020 00:43:54 INFO driver conftest.py:116 Find element by: css selector, value: input#input-password
17.04.2020 00:43:54 INFO driver conftest.py:119 Element was found by: css selector, value: input#input-password
17.04.2020 00:43:54 INFO driver conftest.py:107 Value of element input was changed with <>
17.04.2020 00:43:54 INFO driver conftest.py:107 Value of element input was changed with <admin>
17.04.2020 00:43:54 INFO driver conftest.py:116 Find element by: css selector, value: button[type=submit]
17.04.2020 00:43:54 INFO driver conftest.py:119 Element was found by: css selector, value: button[type=submit]
17.04.2020 00:43:55 INFO driver conftest.py:116 Find element by: css selector, value: img#user-profile
17.04.2020 00:43:55 INFO driver conftest.py:119 Element was found by: css selector, value: img#user-profile
17.04.2020 00:43:55 INFO driver conftest.py:122 Driver quit
17.04.2020 00:53:07 INFO driver conftest.py:93 Browser initializing start..
17.04.2020 00:53:12 INFO driver conftest.py:135 Find element by: css selector, value: input#input-username
17.04.2020 00:53:12 INFO driver conftest.py:138 Element was found by: css selector, value: input#input-username
17.04.2020 00:53:12 INFO driver conftest.py:126 Value of element input was changed with <>
17.04.2020 00:53:12 INFO driver conftest.py:126 Value of element input was changed with <admin>
17.04.2020 00:53:12 INFO driver conftest.py:135 Find element by: css selector, value: input#input-password
17.04.2020 00:53:12 INFO driver conftest.py:138 Element was found by: css selector, value: input#input-password
17.04.2020 00:53:13 INFO driver conftest.py:126 Value of element input was changed with <>
17.04.2020 00:53:13 INFO driver conftest.py:126 Value of element input was changed with <admin>
17.04.2020 00:53:13 INFO driver conftest.py:135 Find element by: css selector, value: button[type=submit]
17.04.2020 00:53:13 INFO driver conftest.py:138 Element was found by: css selector, value: button[type=submit]
17.04.2020 00:53:13 INFO driver conftest.py:135 Find element by: css selector, value: img#user-profile
17.04.2020 00:53:13 INFO driver conftest.py:138 Element was found by: css selector, value: img#user-profile
17.04.2020 00:53:14 INFO driver conftest.py:141 Driver quit
17.04.2020 00:53:27 INFO driver conftest.py:93 Browser initializing start..
17.04.2020 00:53:31 INFO driver conftest.py:135 Find element by: css selector, value: input#input-username
17.04.2020 00:53:31 INFO driver conftest.py:138 Element was found by: css selector, value: input#input-username
17.04.2020 00:53:31 INFO driver conftest.py:126 Value of element input was changed with <>
17.04.2020 00:53:32 INFO driver conftest.py:126 Value of element input was changed with <admin>
17.04.2020 00:53:32 INFO driver conftest.py:135 Find element by: css selector, value: input#input-password
17.04.2020 00:53:32 INFO driver conftest.py:138 Element was found by: css selector, value: input#input-password
17.04.2020 00:53:32 INFO driver conftest.py:126 Value of element input was changed with <>
17.04.2020 00:53:32 INFO driver conftest.py:126 Value of element input was changed with <admin>
17.04.2020 00:53:32 INFO driver conftest.py:135 Find element by: css selector, value: button[type=submit]
17.04.2020 00:53:32 INFO driver conftest.py:138 Element was found by: css selector, value: button[type=submit]
17.04.2020 00:53:32 INFO driver conftest.py:135 Find element by: css selector, value: img#user-profile
17.04.2020 00:53:32 INFO driver conftest.py:138 Element was found by: css selector, value: img#user-profile
17.04.2020 00:53:33 INFO driver conftest.py:141 Driver quit
17.04.2020 01:05:16 INFO driver conftest.py:93 Browser initializing start..
17.04.2020 01:05:21 INFO driver BasePage.py:27 Пользователь находится на странице <pages.AdminLoginPage.AdminLoginPage object at 0x1023bcca0> http://192.168.56.101/opencart/admin/
17.04.2020 01:05:21 INFO driver conftest.py:135 Find element by: css selector, value: input#input-username
17.04.2020 01:05:21 INFO driver conftest.py:138 Element was found by: css selector, value: input#input-username
17.04.2020 01:05:22 INFO driver conftest.py:126 Value of element input was changed with <>
17.04.2020 01:05:22 INFO driver conftest.py:126 Value of element input was changed with <admin>
17.04.2020 01:05:22 INFO driver conftest.py:135 Find element by: css selector, value: input#input-password
17.04.2020 01:05:22 INFO driver conftest.py:138 Element was found by: css selector, value: input#input-password
17.04.2020 01:05:22 INFO driver conftest.py:126 Value of element input was changed with <>
17.04.2020 01:05:22 INFO driver conftest.py:126 Value of element input was changed with <admin>
17.04.2020 01:05:22 INFO driver conftest.py:135 Find element by: css selector, value: button[type=submit]
17.04.2020 01:05:22 INFO driver conftest.py:138 Element was found by: css selector, value: button[type=submit]
17.04.2020 01:05:23 INFO driver conftest.py:135 Find element by: css selector, value: img#user-profile
17.04.2020 01:05:23 INFO driver conftest.py:138 Element was found by: css selector, value: img#user-profile
17.04.2020 01:05:23 INFO driver conftest.py:141 Driver quit
17.04.2020 01:07:37 INFO conftest.py:90 Browser initializing start..
17.04.2020 01:07:42 INFO BasePage.py:27 Произошел переход на страницу <pages.AdminLoginPage.AdminLoginPage object at 0x109c899a0> http://192.168.56.101/opencart/admin/
17.04.2020 01:07:42 INFO conftest.py:132 Find element by: css selector, value: input#input-username
17.04.2020 01:07:42 INFO conftest.py:135 Element was found by: css selector, value: input#input-username
17.04.2020 01:07:42 INFO conftest.py:123 Value of element input was changed with <>
17.04.2020 01:07:43 INFO conftest.py:123 Value of element input was changed with <admin>
17.04.2020 01:07:43 INFO conftest.py:132 Find element by: css selector, value: input#input-password
17.04.2020 01:07:43 INFO conftest.py:135 Element was found by: css selector, value: input#input-password
17.04.2020 01:07:43 INFO conftest.py:123 Value of element input was changed with <>
17.04.2020 01:07:43 INFO conftest.py:123 Value of element input was changed with <admin>
17.04.2020 01:07:43 INFO conftest.py:132 Find element by: css selector, value: button[type=submitе]
17.04.2020 01:07:46 ERROR conftest.py:141 no such element: Unable to locate element: {"method":"css selector","selector":"button[type=submitе]"}
  (Session info: chrome=80.0.3987.132)
17.04.2020 01:07:46 INFO conftest.py:138 Driver quit
17.04.2020 01:14:25 INFO browser conftest.py:90 Browser initializing start..
17.04.2020 01:14:32 INFO open BasePage.py:27 Произошел переход на страницу <pages.AdminLoginPage.AdminLoginPage object at 0x109eec9a0> http://192.168.56.101/opencart/admin/
17.04.2020 01:14:32 INFO before_find conftest.py:132 Find element by: css selector, value: input#input-username
17.04.2020 01:14:32 INFO after_find conftest.py:135 Element was found by: css selector, value: input#input-username
17.04.2020 01:14:32 INFO after_change_value_of conftest.py:123 Value of element input was changed with <>
17.04.2020 01:14:33 INFO after_change_value_of conftest.py:123 Value of element input was changed with <admin>
17.04.2020 01:14:33 INFO before_find conftest.py:132 Find element by: css selector, value: input#input-password
17.04.2020 01:14:33 INFO after_find conftest.py:135 Element was found by: css selector, value: input#input-password
17.04.2020 01:14:33 INFO after_change_value_of conftest.py:123 Value of element input was changed with <>
17.04.2020 01:14:33 INFO after_change_value_of conftest.py:123 Value of element input was changed with <admin>
17.04.2020 01:14:33 INFO before_find conftest.py:132 Find element by: css selector, value: button[type=submitе]
17.04.2020 01:14:36 ERROR on_exception conftest.py:141 no such element: Unable to locate element: {"method":"css selector","selector":"button[type=submitе]"}
  (Session info: chrome=80.0.3987.132)
17.04.2020 01:14:37 INFO after_quit conftest.py:138 Driver quit
17.04.2020 01:38:48 INFO conftest.py:90 Browser start..
17.04.2020 01:38:51 INFO BasePage.py:27 Произошел переход на страницу <pages.AdminLoginPage.AdminLoginPage object at 0x104913cd0> http://192.168.56.101/opencart/admin/
17.04.2020 01:38:51 INFO conftest.py:135 Find element by: css selector, value: input#input-username
17.04.2020 01:38:51 INFO conftest.py:138 Element was found by: css selector, value: input#input-username
17.04.2020 01:38:52 INFO conftest.py:126 Value of element input was changed with <>
17.04.2020 01:38:52 INFO conftest.py:126 Value of element input was changed with <admin>
17.04.2020 01:38:52 INFO conftest.py:135 Find element by: css selector, value: input#input-password
17.04.2020 01:38:52 INFO conftest.py:138 Element was found by: css selector, value: input#input-password
17.04.2020 01:38:52 INFO conftest.py:126 Value of element input was changed with <>
17.04.2020 01:38:52 INFO conftest.py:126 Value of element input was changed with <admin>
17.04.2020 01:38:52 INFO conftest.py:135 Find element by: css selector, value: button[type=submit]
17.04.2020 01:38:52 INFO conftest.py:138 Element was found by: css selector, value: button[type=submit]
17.04.2020 01:38:53 INFO conftest.py:135 Find element by: css selector, value: img#user-profile
17.04.2020 01:38:53 INFO conftest.py:138 Element was found by: css selector, value: img#user-profile
17.04.2020 01:38:53 WARNING conftest.py:115 There are some errors in browser log!
17.04.2020 01:38:53 INFO conftest.py:141 Driver quit
17.04.2020 01:40:57 INFO driver conftest.py:89 Browser start..
17.04.2020 01:41:02 INFO driver BasePage.py:27 Произошел переход на страницу <pages.AdminLoginPage.AdminLoginPage object at 0x10cc119a0> http://192.168.56.101/opencart/admin/
17.04.2020 01:41:02 INFO driver conftest.py:134 Find element by: css selector, value: input#input-username
17.04.2020 01:41:02 INFO driver conftest.py:137 Element was found by: css selector, value: input#input-username
17.04.2020 01:41:02 INFO driver conftest.py:125 Value of element input was changed with <>
17.04.2020 01:41:03 INFO driver conftest.py:125 Value of element input was changed with <admin>
17.04.2020 01:41:03 INFO driver conftest.py:134 Find element by: css selector, value: input#input-password
17.04.2020 01:41:03 INFO driver conftest.py:137 Element was found by: css selector, value: input#input-password
17.04.2020 01:41:03 INFO driver conftest.py:125 Value of element input was changed with <>
17.04.2020 01:41:03 INFO driver conftest.py:125 Value of element input was changed with <admin>
17.04.2020 01:41:03 INFO driver conftest.py:134 Find element by: css selector, value: button[type=submit]
17.04.2020 01:41:03 INFO driver conftest.py:137 Element was found by: css selector, value: button[type=submit]
17.04.2020 01:41:03 INFO driver conftest.py:134 Find element by: css selector, value: img#user-profile
17.04.2020 01:41:04 INFO driver conftest.py:137 Element was found by: css selector, value: img#user-profile
17.04.2020 01:41:04 WARNING driver conftest.py:114 There are some errors in browser log!
17.04.2020 01:41:04 INFO driver conftest.py:140 Driver quit
17.04.2020 01:41:59 INFO driver conftest.py:89 Browser start..
17.04.2020 01:42:04 INFO driver BasePage.py:27 Произошел переход на страницу <pages.ProductPage.ProductPage object at 0x111513eb0> http://192.168.56.101/opencart/index.php?route=product/product&product_id=40
17.04.2020 01:42:04 INFO driver conftest.py:134 Find element by: css selector, value: div ~ h1
17.04.2020 01:42:04 INFO driver conftest.py:137 Element was found by: css selector, value: div ~ h1
17.04.2020 01:42:05 INFO driver conftest.py:134 Find element by: css selector, value: button[data-original-title="Compare this Product"]
17.04.2020 01:42:05 INFO driver conftest.py:137 Element was found by: css selector, value: button[data-original-title="Compare this Product"]
17.04.2020 01:42:05 INFO driver conftest.py:134 Find element by: link text, value: product comparison
17.04.2020 01:42:05 INFO driver conftest.py:137 Element was found by: link text, value: product comparison
17.04.2020 01:42:06 INFO driver conftest.py:134 Find element by: css selector, value: table > tbody:nth-child(2) > tr:nth-child(1) > td:nth-child(2) strong
17.04.2020 01:42:06 INFO driver conftest.py:137 Element was found by: css selector, value: table > tbody:nth-child(2) > tr:nth-child(1) > td:nth-child(2) strong
17.04.2020 01:42:06 INFO driver conftest.py:140 Driver quit
17.04.2020 01:42:06 INFO driver conftest.py:89 Browser start..
17.04.2020 01:42:06 INFO driver conftest.py:89 Browser start..
17.04.2020 01:42:11 INFO driver BasePage.py:27 Произошел переход на страницу <pages.ProductPage.ProductPage object at 0x1115fe700> http://192.168.56.101/opencart/index.php?route=product/product&product_id=40
17.04.2020 01:42:11 INFO driver BasePage.py:27 Произошел переход на страницу <pages.ProductPage.ProductPage object at 0x1115fe700> http://192.168.56.101/opencart/index.php?route=product/product&product_id=40
17.04.2020 01:42:11 INFO driver conftest.py:134 Find element by: partial link text, value: Reviews
17.04.2020 01:42:11 INFO driver conftest.py:134 Find element by: partial link text, value: Reviews
17.04.2020 01:42:11 INFO driver conftest.py:137 Element was found by: partial link text, value: Reviews
17.04.2020 01:42:11 INFO driver conftest.py:137 Element was found by: partial link text, value: Reviews
17.04.2020 01:42:11 INFO driver conftest.py:134 Find element by: partial link text, value: Reviews
17.04.2020 01:42:11 INFO driver conftest.py:134 Find element by: partial link text, value: Reviews
17.04.2020 01:42:11 INFO driver conftest.py:137 Element was found by: partial link text, value: Reviews
17.04.2020 01:42:11 INFO driver conftest.py:137 Element was found by: partial link text, value: Reviews
17.04.2020 01:42:11 INFO driver conftest.py:134 Find element by: css selector, value: #input-name
17.04.2020 01:42:11 INFO driver conftest.py:134 Find element by: css selector, value: #input-name
17.04.2020 01:42:11 INFO driver conftest.py:137 Element was found by: css selector, value: #input-name
17.04.2020 01:42:11 INFO driver conftest.py:137 Element was found by: css selector, value: #input-name
17.04.2020 01:42:11 INFO driver conftest.py:134 Find element by: css selector, value: #input-name
17.04.2020 01:42:11 INFO driver conftest.py:134 Find element by: css selector, value: #input-name
17.04.2020 01:42:11 INFO driver conftest.py:137 Element was found by: css selector, value: #input-name
17.04.2020 01:42:11 INFO driver conftest.py:137 Element was found by: css selector, value: #input-name
17.04.2020 01:42:11 INFO driver conftest.py:125 Value of element input was changed with <>
17.04.2020 01:42:11 INFO driver conftest.py:125 Value of element input was changed with <>
17.04.2020 01:42:12 INFO driver conftest.py:125 Value of element input was changed with <Name>
17.04.2020 01:42:12 INFO driver conftest.py:125 Value of element input was changed with <Name>
17.04.2020 01:42:12 INFO driver conftest.py:134 Find element by: css selector, value: #input-review
17.04.2020 01:42:12 INFO driver conftest.py:134 Find element by: css selector, value: #input-review
17.04.2020 01:42:12 INFO driver conftest.py:137 Element was found by: css selector, value: #input-review
17.04.2020 01:42:12 INFO driver conftest.py:137 Element was found by: css selector, value: #input-review
17.04.2020 01:42:12 INFO driver conftest.py:134 Find element by: css selector, value: #input-review
17.04.2020 01:42:12 INFO driver conftest.py:134 Find element by: css selector, value: #input-review
17.04.2020 01:42:12 INFO driver conftest.py:137 Element was found by: css selector, value: #input-review
17.04.2020 01:42:12 INFO driver conftest.py:137 Element was found by: css selector, value: #input-review
17.04.2020 01:42:12 INFO driver conftest.py:125 Value of element textarea was changed with <>
17.04.2020 01:42:12 INFO driver conftest.py:125 Value of element textarea was changed with <>
17.04.2020 01:42:12 INFO driver conftest.py:125 Value of element textarea was changed with <This is my first review ever>
17.04.2020 01:42:12 INFO driver conftest.py:125 Value of element textarea was changed with <This is my first review ever>
17.04.2020 01:42:12 INFO driver conftest.py:134 Find element by: css selector, value: input[name=rating]
17.04.2020 01:42:12 INFO driver conftest.py:134 Find element by: css selector, value: input[name=rating]
17.04.2020 01:42:12 INFO driver conftest.py:137 Element was found by: css selector, value: input[name=rating]
17.04.2020 01:42:12 INFO driver conftest.py:137 Element was found by: css selector, value: input[name=rating]
17.04.2020 01:42:12 INFO driver conftest.py:134 Find element by: css selector, value: #button-review
17.04.2020 01:42:12 INFO driver conftest.py:134 Find element by: css selector, value: #button-review
17.04.2020 01:42:12 INFO driver conftest.py:137 Element was found by: css selector, value: #button-review
17.04.2020 01:42:12 INFO driver conftest.py:137 Element was found by: css selector, value: #button-review
17.04.2020 01:42:13 INFO driver conftest.py:134 Find element by: css selector, value: .alert
17.04.2020 01:42:13 INFO driver conftest.py:134 Find element by: css selector, value: .alert
17.04.2020 01:42:13 INFO driver conftest.py:137 Element was found by: css selector, value: .alert
17.04.2020 01:42:13 INFO driver conftest.py:137 Element was found by: css selector, value: .alert
17.04.2020 01:42:13 INFO driver conftest.py:140 Driver quit
17.04.2020 01:42:13 INFO driver conftest.py:140 Driver quit
17.04.2020 01:42:13 INFO driver conftest.py:89 Browser start..
17.04.2020 01:42:13 INFO driver conftest.py:89 Browser start..
17.04.2020 01:42:13 INFO driver conftest.py:89 Browser start..
17.04.2020 01:42:18 INFO driver BasePage.py:27 Произошел переход на страницу <pages.ProductPage.ProductPage object at 0x11160e190> http://192.168.56.101/opencart/index.php?route=product/product&product_id=40
17.04.2020 01:42:18 INFO driver BasePage.py:27 Произошел переход на страницу <pages.ProductPage.ProductPage object at 0x11160e190> http://192.168.56.101/opencart/index.php?route=product/product&product_id=40
17.04.2020 01:42:18 INFO driver BasePage.py:27 Произошел переход на страницу <pages.ProductPage.ProductPage object at 0x11160e190> http://192.168.56.101/opencart/index.php?route=product/product&product_id=40
17.04.2020 01:42:18 INFO driver conftest.py:134 Find element by: css selector, value: input#input-quantity
17.04.2020 01:42:18 INFO driver conftest.py:134 Find element by: css selector, value: input#input-quantity
17.04.2020 01:42:18 INFO driver conftest.py:134 Find element by: css selector, value: input#input-quantity
17.04.2020 01:42:18 INFO driver conftest.py:137 Element was found by: css selector, value: input#input-quantity
17.04.2020 01:42:18 INFO driver conftest.py:137 Element was found by: css selector, value: input#input-quantity
17.04.2020 01:42:18 INFO driver conftest.py:137 Element was found by: css selector, value: input#input-quantity
17.04.2020 01:42:18 INFO driver conftest.py:125 Value of element input was changed with <>
17.04.2020 01:42:18 INFO driver conftest.py:125 Value of element input was changed with <>
17.04.2020 01:42:18 INFO driver conftest.py:125 Value of element input was changed with <>
17.04.2020 01:42:19 INFO driver conftest.py:125 Value of element input was changed with <4>
17.04.2020 01:42:19 INFO driver conftest.py:125 Value of element input was changed with <4>
17.04.2020 01:42:19 INFO driver conftest.py:125 Value of element input was changed with <4>
17.04.2020 01:42:19 INFO driver conftest.py:134 Find element by: css selector, value: button#button-cart
17.04.2020 01:42:19 INFO driver conftest.py:134 Find element by: css selector, value: button#button-cart
17.04.2020 01:42:19 INFO driver conftest.py:134 Find element by: css selector, value: button#button-cart
17.04.2020 01:42:19 INFO driver conftest.py:137 Element was found by: css selector, value: button#button-cart
17.04.2020 01:42:19 INFO driver conftest.py:137 Element was found by: css selector, value: button#button-cart
17.04.2020 01:42:19 INFO driver conftest.py:137 Element was found by: css selector, value: button#button-cart
17.04.2020 01:42:19 INFO driver conftest.py:134 Find element by: css selector, value: .alert
17.04.2020 01:42:19 INFO driver conftest.py:134 Find element by: css selector, value: .alert
17.04.2020 01:42:19 INFO driver conftest.py:134 Find element by: css selector, value: .alert
17.04.2020 01:42:19 INFO driver conftest.py:137 Element was found by: css selector, value: .alert
17.04.2020 01:42:19 INFO driver conftest.py:137 Element was found by: css selector, value: .alert
17.04.2020 01:42:19 INFO driver conftest.py:137 Element was found by: css selector, value: .alert
17.04.2020 01:42:19 INFO driver conftest.py:140 Driver quit
17.04.2020 01:42:19 INFO driver conftest.py:140 Driver quit
17.04.2020 01:42:19 INFO driver conftest.py:140 Driver quit
17.04.2020 01:44:31 INFO driver conftest.py:89 Browser start..
17.04.2020 01:44:36 INFO driver BasePage.py:27 Произошел переход на страницу <pages.ProductPage.ProductPage object at 0x1110eb9d0> http://192.168.56.101/opencart/index.php?route=product/product&product_id=40
17.04.2020 01:44:36 INFO driver conftest.py:134 Find element by: css selector, value: div ~ h1
17.04.2020 01:44:37 INFO driver conftest.py:137 Element was found by: css selector, value: div ~ h1
17.04.2020 01:44:37 INFO driver conftest.py:134 Find element by: css selector, value: button[data-original-title="Compare this Product"]
17.04.2020 01:44:37 INFO driver conftest.py:137 Element was found by: css selector, value: button[data-original-title="Compare this Product"]
17.04.2020 01:44:37 INFO driver conftest.py:134 Find element by: link text, value: product comparison
17.04.2020 01:44:37 INFO driver conftest.py:137 Element was found by: link text, value: product comparison
17.04.2020 01:44:38 INFO driver conftest.py:134 Find element by: css selector, value: table > tbody:nth-child(2) > tr:nth-child(1) > td:nth-child(2) strong
17.04.2020 01:44:38 INFO driver conftest.py:137 Element was found by: css selector, value: table > tbody:nth-child(2) > tr:nth-child(1) > td:nth-child(2) strong
17.04.2020 01:44:38 INFO driver conftest.py:140 Driver quit
17.04.2020 01:44:38 INFO driver conftest.py:89 Browser start..
17.04.2020 01:44:42 INFO driver BasePage.py:27 Произошел переход на страницу <pages.ProductPage.ProductPage object at 0x1113756a0> http://192.168.56.101/opencart/index.php?route=product/product&product_id=40
17.04.2020 01:44:42 INFO driver conftest.py:134 Find element by: partial link text, value: Reviews
17.04.2020 01:44:42 INFO driver conftest.py:137 Element was found by: partial link text, value: Reviews
17.04.2020 01:44:43 INFO driver conftest.py:134 Find element by: partial link text, value: Reviews
17.04.2020 01:44:43 INFO driver conftest.py:137 Element was found by: partial link text, value: Reviews
17.04.2020 01:44:43 INFO driver conftest.py:134 Find element by: css selector, value: #input-name
17.04.2020 01:44:43 INFO driver conftest.py:137 Element was found by: css selector, value: #input-name
17.04.2020 01:44:43 INFO driver conftest.py:134 Find element by: css selector, value: #input-name
17.04.2020 01:44:43 INFO driver conftest.py:137 Element was found by: css selector, value: #input-name
17.04.2020 01:44:44 INFO driver conftest.py:125 Value of element input was changed with <>
17.04.2020 01:44:44 INFO driver conftest.py:125 Value of element input was changed with <Name>
17.04.2020 01:44:44 INFO driver conftest.py:134 Find element by: css selector, value: #input-review
17.04.2020 01:44:44 INFO driver conftest.py:137 Element was found by: css selector, value: #input-review
17.04.2020 01:44:44 INFO driver conftest.py:134 Find element by: css selector, value: #input-review
17.04.2020 01:44:44 INFO driver conftest.py:137 Element was found by: css selector, value: #input-review
17.04.2020 01:44:44 INFO driver conftest.py:125 Value of element textarea was changed with <>
17.04.2020 01:44:44 INFO driver conftest.py:125 Value of element textarea was changed with <This is my first review ever>
17.04.2020 01:44:44 INFO driver conftest.py:134 Find element by: css selector, value: input[name=rating]
17.04.2020 01:44:44 INFO driver conftest.py:137 Element was found by: css selector, value: input[name=rating]
17.04.2020 01:44:45 INFO driver conftest.py:134 Find element by: css selector, value: #button-review
17.04.2020 01:44:45 INFO driver conftest.py:137 Element was found by: css selector, value: #button-review
17.04.2020 01:44:45 INFO driver conftest.py:134 Find element by: css selector, value: .alert
17.04.2020 01:44:45 INFO driver conftest.py:137 Element was found by: css selector, value: .alert
17.04.2020 01:44:45 INFO driver conftest.py:140 Driver quit
17.04.2020 01:44:45 INFO driver conftest.py:89 Browser start..
17.04.2020 01:44:50 INFO driver BasePage.py:27 Произошел переход на страницу <pages.ProductPage.ProductPage object at 0x11138c610> http://192.168.56.101/opencart/index.php?route=product/product&product_id=40
17.04.2020 01:44:50 INFO driver conftest.py:134 Find element by: css selector, value: input#input-quantity
17.04.2020 01:44:50 INFO driver conftest.py:137 Element was found by: css selector, value: input#input-quantity
17.04.2020 01:44:50 INFO driver conftest.py:125 Value of element input was changed with <>
17.04.2020 01:44:51 INFO driver conftest.py:125 Value of element input was changed with <4>
17.04.2020 01:44:51 INFO driver conftest.py:134 Find element by: css selector, value: button#button-cart
17.04.2020 01:44:51 INFO driver conftest.py:137 Element was found by: css selector, value: button#button-cart
17.04.2020 01:44:51 INFO driver conftest.py:134 Find element by: css selector, value: .alert
17.04.2020 01:44:51 INFO driver conftest.py:137 Element was found by: css selector, value: .alert
17.04.2020 01:44:51 INFO driver conftest.py:140 Driver quit
17.04.2020 01:46:35 INFO driver conftest.py:89 Browser start..
17.04.2020 01:46:38 INFO driver test_product_page.py:8 ===== test_add_to_product_comparison =====
17.04.2020 01:46:40 INFO driver BasePage.py:27 Произошел переход на страницу <pages.ProductPage.ProductPage object at 0x105f59580> http://192.168.56.101/opencart/index.php?route=product/product&product_id=40
17.04.2020 01:46:40 INFO driver conftest.py:134 Find element by: css selector, value: div ~ h1
17.04.2020 01:46:40 INFO driver conftest.py:137 Element was found by: css selector, value: div ~ h1
17.04.2020 01:46:40 INFO driver conftest.py:134 Find element by: css selector, value: button[data-original-title="Compare this Product"]
17.04.2020 01:46:41 INFO driver conftest.py:137 Element was found by: css selector, value: button[data-original-title="Compare this Product"]
17.04.2020 01:46:41 INFO driver conftest.py:134 Find element by: link text, value: product comparison
17.04.2020 01:46:41 INFO driver conftest.py:137 Element was found by: link text, value: product comparison
17.04.2020 01:46:42 INFO driver conftest.py:134 Find element by: css selector, value: table > tbody:nth-child(2) > tr:nth-child(1) > td:nth-child(2) strong
17.04.2020 01:46:42 INFO driver conftest.py:137 Element was found by: css selector, value: table > tbody:nth-child(2) > tr:nth-child(1) > td:nth-child(2) strong
17.04.2020 01:46:42 INFO driver conftest.py:140 Driver quit
17.04.2020 01:46:42 INFO driver conftest.py:89 Browser start..
17.04.2020 01:46:45 INFO driver test_product_page.py:26 ===== test_send_review =====
17.04.2020 01:46:48 INFO driver BasePage.py:27 Произошел переход на страницу <pages.ProductPage.ProductPage object at 0x1060449d0> http://192.168.56.101/opencart/index.php?route=product/product&product_id=40
17.04.2020 01:46:48 INFO driver conftest.py:134 Find element by: partial link text, value: Reviews
17.04.2020 01:46:48 INFO driver conftest.py:137 Element was found by: partial link text, value: Reviews
17.04.2020 01:46:48 INFO driver conftest.py:134 Find element by: partial link text, value: Reviews
17.04.2020 01:46:48 INFO driver conftest.py:137 Element was found by: partial link text, value: Reviews
17.04.2020 01:46:49 INFO driver conftest.py:134 Find element by: css selector, value: #input-name
17.04.2020 01:46:49 INFO driver conftest.py:137 Element was found by: css selector, value: #input-name
17.04.2020 01:46:49 INFO driver conftest.py:134 Find element by: css selector, value: #input-name
17.04.2020 01:46:49 INFO driver conftest.py:137 Element was found by: css selector, value: #input-name
17.04.2020 01:46:49 INFO driver conftest.py:125 Value of element input was changed with <>
17.04.2020 01:46:49 INFO driver conftest.py:125 Value of element input was changed with <Name>
17.04.2020 01:46:49 INFO driver conftest.py:134 Find element by: css selector, value: #input-review
17.04.2020 01:46:49 INFO driver conftest.py:137 Element was found by: css selector, value: #input-review
17.04.2020 01:46:49 INFO driver conftest.py:134 Find element by: css selector, value: #input-review
17.04.2020 01:46:49 INFO driver conftest.py:137 Element was found by: css selector, value: #input-review
17.04.2020 01:46:49 INFO driver conftest.py:125 Value of element textarea was changed with <>
17.04.2020 01:46:50 INFO driver conftest.py:125 Value of element textarea was changed with <This is my first review ever>
17.04.2020 01:46:50 INFO driver conftest.py:134 Find element by: css selector, value: input[name=rating]
17.04.2020 01:46:50 INFO driver conftest.py:137 Element was found by: css selector, value: input[name=rating]
17.04.2020 01:46:50 INFO driver conftest.py:134 Find element by: css selector, value: #button-review
17.04.2020 01:46:50 INFO driver conftest.py:137 Element was found by: css selector, value: #button-review
17.04.2020 01:46:50 INFO driver conftest.py:134 Find element by: css selector, value: .alert
17.04.2020 01:46:51 INFO driver conftest.py:137 Element was found by: css selector, value: .alert
17.04.2020 01:46:51 INFO driver conftest.py:140 Driver quit
17.04.2020 01:46:51 INFO driver conftest.py:89 Browser start..
17.04.2020 01:46:54 INFO driver test_product_page.py:48 ===== test_add_product_to_cart =====
17.04.2020 01:46:56 INFO driver BasePage.py:27 Произошел переход на страницу <pages.ProductPage.ProductPage object at 0x10605b700> http://192.168.56.101/opencart/index.php?route=product/product&product_id=40
17.04.2020 01:46:56 INFO driver conftest.py:134 Find element by: css selector, value: input#input-quantity
17.04.2020 01:46:56 INFO driver conftest.py:137 Element was found by: css selector, value: input#input-quantity
17.04.2020 01:46:57 INFO driver conftest.py:125 Value of element input was changed with <>
17.04.2020 01:46:57 INFO driver conftest.py:125 Value of element input was changed with <1>
17.04.2020 01:46:57 INFO driver conftest.py:134 Find element by: css selector, value: button#button-cart
17.04.2020 01:46:58 INFO driver conftest.py:137 Element was found by: css selector, value: button#button-cart
17.04.2020 01:46:58 INFO driver conftest.py:134 Find element by: css selector, value: .alert
17.04.2020 01:46:58 INFO driver conftest.py:137 Element was found by: css selector, value: .alert
17.04.2020 01:46:58 INFO driver conftest.py:140 Driver quit
17.04.2020 01:48:44 INFO driver conftest.py:89 Browser start..
17.04.2020 01:48:48 INFO Ooooooooooo))))))))))) test_product_page.py:8 ===== test_add_to_product_comparison =====
17.04.2020 01:48:50 INFO Ooooooooooo))))))))))) BasePage.py:27 Произошел переход на страницу <pages.ProductPage.ProductPage object at 0x107e8c160> http://192.168.56.101/opencart/index.php?route=product/product&product_id=40
17.04.2020 01:48:50 INFO Ooooooooooo))))))))))) conftest.py:135 Find element by: css selector, value: div ~ h1
17.04.2020 01:48:50 INFO Ooooooooooo))))))))))) conftest.py:138 Element was found by: css selector, value: div ~ h1
17.04.2020 01:48:50 INFO Ooooooooooo))))))))))) conftest.py:135 Find element by: css selector, value: button[data-original-title="Compare this Product"]
17.04.2020 01:48:50 INFO Ooooooooooo))))))))))) conftest.py:138 Element was found by: css selector, value: button[data-original-title="Compare this Product"]
17.04.2020 01:48:50 INFO Ooooooooooo))))))))))) conftest.py:135 Find element by: link text, value: product comparison
17.04.2020 01:48:51 INFO Ooooooooooo))))))))))) conftest.py:138 Element was found by: link text, value: product comparison
17.04.2020 01:48:51 INFO Ooooooooooo))))))))))) conftest.py:135 Find element by: css selector, value: table > tbody:nth-child(2) > tr:nth-child(1) > td:nth-child(2) strong
17.04.2020 01:48:51 INFO Ooooooooooo))))))))))) conftest.py:138 Element was found by: css selector, value: table > tbody:nth-child(2) > tr:nth-child(1) > td:nth-child(2) strong
17.04.2020 01:48:52 INFO Ooooooooooo))))))))))) conftest.py:141 Driver quit
17.04.2020 01:48:52 INFO Ooooooooooo))))))))))) conftest.py:89 Browser start..
17.04.2020 01:48:54 INFO Ooooooooooo))))))))))) test_product_page.py:26 ===== test_send_review =====
17.04.2020 01:48:57 INFO Ooooooooooo))))))))))) BasePage.py:27 Произошел переход на страницу <pages.ProductPage.ProductPage object at 0x107f1e760> http://192.168.56.101/opencart/index.php?route=product/product&product_id=40
17.04.2020 01:48:57 INFO Ooooooooooo))))))))))) conftest.py:135 Find element by: partial link text, value: Reviews
17.04.2020 01:48:57 INFO Ooooooooooo))))))))))) conftest.py:138 Element was found by: partial link text, value: Reviews
17.04.2020 01:48:57 INFO Ooooooooooo))))))))))) conftest.py:135 Find element by: partial link text, value: Reviews
17.04.2020 01:48:57 INFO Ooooooooooo))))))))))) conftest.py:138 Element was found by: partial link text, value: Reviews
17.04.2020 01:49:03 INFO Ooooooooooo))))))))))) conftest.py:135 Find element by: css selector, value: #input-name
17.04.2020 01:49:03 INFO Ooooooooooo))))))))))) conftest.py:138 Element was found by: css selector, value: #input-name
17.04.2020 01:49:03 INFO Ooooooooooo))))))))))) conftest.py:135 Find element by: css selector, value: #input-name
17.04.2020 01:49:03 INFO Ooooooooooo))))))))))) conftest.py:138 Element was found by: css selector, value: #input-name
17.04.2020 01:49:03 INFO Ooooooooooo))))))))))) conftest.py:126 Value of element input was changed with <>
17.04.2020 01:49:03 INFO Ooooooooooo))))))))))) conftest.py:126 Value of element input was changed with <Name>
17.04.2020 01:49:03 INFO Ooooooooooo))))))))))) conftest.py:135 Find element by: css selector, value: #input-review
17.04.2020 01:49:03 INFO Ooooooooooo))))))))))) conftest.py:138 Element was found by: css selector, value: #input-review
17.04.2020 01:49:03 INFO Ooooooooooo))))))))))) conftest.py:135 Find element by: css selector, value: #input-review
17.04.2020 01:49:03 INFO Ooooooooooo))))))))))) conftest.py:138 Element was found by: css selector, value: #input-review
17.04.2020 01:49:03 INFO Ooooooooooo))))))))))) conftest.py:126 Value of element textarea was changed with <>
17.04.2020 01:49:03 INFO Ooooooooooo))))))))))) conftest.py:126 Value of element textarea was changed with <This is my first review ever>
17.04.2020 01:49:03 INFO Ooooooooooo))))))))))) conftest.py:135 Find element by: css selector, value: input[name=rating]
17.04.2020 01:49:03 INFO Ooooooooooo))))))))))) conftest.py:138 Element was found by: css selector, value: input[name=rating]
17.04.2020 01:49:09 INFO Ooooooooooo))))))))))) conftest.py:135 Find element by: css selector, value: #button-review
17.04.2020 01:49:09 INFO Ooooooooooo))))))))))) conftest.py:138 Element was found by: css selector, value: #button-review
17.04.2020 01:49:14 INFO Ooooooooooo))))))))))) conftest.py:135 Find element by: css selector, value: .alert
17.04.2020 01:49:14 INFO Ooooooooooo))))))))))) conftest.py:138 Element was found by: css selector, value: .alert
17.04.2020 01:49:14 INFO Ooooooooooo))))))))))) conftest.py:141 Driver quit
17.04.2020 01:49:14 INFO Ooooooooooo))))))))))) conftest.py:89 Browser start..
17.04.2020 01:49:17 INFO Ooooooooooo))))))))))) test_product_page.py:48 ===== test_add_product_to_cart =====
17.04.2020 01:49:19 INFO Ooooooooooo))))))))))) BasePage.py:27 Произошел переход на страницу <pages.ProductPage.ProductPage object at 0x107f38310> http://192.168.56.101/opencart/index.php?route=product/product&product_id=40
17.04.2020 01:49:19 INFO Ooooooooooo))))))))))) conftest.py:135 Find element by: css selector, value: input#input-quantity
17.04.2020 01:49:19 INFO Ooooooooooo))))))))))) conftest.py:138 Element was found by: css selector, value: input#input-quantity
17.04.2020 01:49:19 INFO Ooooooooooo))))))))))) conftest.py:126 Value of element input was changed with <>
17.04.2020 01:49:19 INFO Ooooooooooo))))))))))) conftest.py:126 Value of element input was changed with <4>
17.04.2020 01:49:19 INFO Ooooooooooo))))))))))) conftest.py:135 Find element by: css selector, value: button#button-cart
17.04.2020 01:49:19 INFO Ooooooooooo))))))))))) conftest.py:138 Element was found by: css selector, value: button#button-cart
17.04.2020 01:49:20 INFO Ooooooooooo))))))))))) conftest.py:135 Find element by: css selector, value: .alert
17.04.2020 01:49:20 INFO Ooooooooooo))))))))))) conftest.py:138 Element was found by: css selector, value: .alert
17.04.2020 01:49:20 INFO Ooooooooooo))))))))))) conftest.py:141 Driver quit
17.04.2020 01:57:01 INFO driver conftest.py:89 Browser start..
17.04.2020 01:57:06 INFO driver test_admin_login_page.py:10 ===== test_admin_login =====
17.04.2020 01:57:08 INFO driver BasePage.py:27 Произошел переход на страницу <pages.AdminLoginPage.AdminLoginPage object at 0x1050fd070> http://192.168.56.101/opencart/admin/
17.04.2020 01:57:08 INFO driver conftest.py:134 Find element by: css selector, value: input#input-username
17.04.2020 01:57:08 INFO driver conftest.py:137 Element was found by: css selector, value: input#input-username
17.04.2020 01:57:08 INFO driver conftest.py:125 Value of element input was changed with <>
17.04.2020 01:57:08 INFO driver conftest.py:125 Value of element input was changed with <admin>
17.04.2020 01:57:08 INFO driver conftest.py:134 Find element by: css selector, value: input#input-password
17.04.2020 01:57:09 INFO driver conftest.py:137 Element was found by: css selector, value: input#input-password
17.04.2020 01:57:09 INFO driver conftest.py:125 Value of element input was changed with <>
17.04.2020 01:57:09 INFO driver conftest.py:125 Value of element input was changed with <admin>
17.04.2020 01:57:09 INFO driver conftest.py:134 Find element by: css selector, value: button[type=submit]
17.04.2020 01:57:09 INFO driver conftest.py:137 Element was found by: css selector, value: button[type=submit]
17.04.2020 01:57:10 INFO driver conftest.py:134 Find element by: css selector, value: img#user-profile
17.04.2020 01:57:10 INFO driver conftest.py:137 Element was found by: css selector, value: img#user-profile
17.04.2020 01:57:10 WARNING driver conftest.py:114 There are some errors in browser log!
17.04.2020 01:57:10 INFO driver conftest.py:140 Driver quit
17.04.2020 01:57:10 INFO driver conftest.py:89 Browser start..
17.04.2020 01:57:14 INFO driver test_admin_products_page.py:25 ===== test_add_new_product =====
17.04.2020 01:57:16 INFO driver BasePage.py:27 Произошел переход на страницу <pages.AdminProductsPage.AdminProductsPage object at 0x10519c6a0> http://192.168.56.101/opencart/admin/index.php?route=catalog/product
17.04.2020 01:57:16 INFO driver conftest.py:134 Find element by: css selector, value: input#input-username
17.04.2020 01:57:16 INFO driver conftest.py:137 Element was found by: css selector, value: input#input-username
17.04.2020 01:57:16 INFO driver conftest.py:125 Value of element input was changed with <>
17.04.2020 01:57:16 INFO driver conftest.py:125 Value of element input was changed with <admin>
17.04.2020 01:57:16 INFO driver conftest.py:134 Find element by: css selector, value: input#input-password
17.04.2020 01:57:16 INFO driver conftest.py:137 Element was found by: css selector, value: input#input-password
17.04.2020 01:57:16 INFO driver conftest.py:125 Value of element input was changed with <>
17.04.2020 01:57:16 INFO driver conftest.py:125 Value of element input was changed with <admin>
17.04.2020 01:57:16 INFO driver conftest.py:134 Find element by: css selector, value: button[type=submit]
17.04.2020 01:57:16 INFO driver conftest.py:137 Element was found by: css selector, value: button[type=submit]
17.04.2020 01:57:17 INFO driver conftest.py:134 Find element by: css selector, value: a[data-original-title="Add New"]
17.04.2020 01:57:17 INFO driver conftest.py:137 Element was found by: css selector, value: a[data-original-title="Add New"]
17.04.2020 01:57:18 INFO driver conftest.py:134 Find element by: css selector, value: input#input-name1
17.04.2020 01:57:18 INFO driver conftest.py:137 Element was found by: css selector, value: input#input-name1
17.04.2020 01:57:18 INFO driver conftest.py:125 Value of element input was changed with <>
17.04.2020 01:57:19 INFO driver conftest.py:125 Value of element input was changed with <Tesla>
17.04.2020 01:57:19 INFO driver conftest.py:134 Find element by: css selector, value: input#input-name1
17.04.2020 01:57:19 INFO driver conftest.py:137 Element was found by: css selector, value: input#input-name1
17.04.2020 01:57:19 INFO driver conftest.py:134 Find element by: css selector, value: input#input-meta-title1
17.04.2020 01:57:19 INFO driver conftest.py:137 Element was found by: css selector, value: input#input-meta-title1
17.04.2020 01:57:19 INFO driver conftest.py:125 Value of element input was changed with <>
17.04.2020 01:57:19 INFO driver conftest.py:125 Value of element input was changed with <mytag>
17.04.2020 01:57:19 INFO driver conftest.py:134 Find element by: css selector, value: a[href="#tab-data"]
17.04.2020 01:57:19 INFO driver conftest.py:137 Element was found by: css selector, value: a[href="#tab-data"]
17.04.2020 01:57:19 INFO driver conftest.py:134 Find element by: css selector, value: input#input-model
17.04.2020 01:57:19 INFO driver conftest.py:137 Element was found by: css selector, value: input#input-model
17.04.2020 01:57:19 INFO driver conftest.py:125 Value of element input was changed with <>
17.04.2020 01:57:19 INFO driver conftest.py:125 Value of element input was changed with <Model Y>
17.04.2020 01:57:19 INFO driver conftest.py:134 Find element by: css selector, value: input#input-model
17.04.2020 01:57:20 INFO driver conftest.py:137 Element was found by: css selector, value: input#input-model
17.04.2020 01:57:20 INFO driver conftest.py:134 Find element by: css selector, value: a[href="#tab-image"]
17.04.2020 01:57:20 INFO driver conftest.py:137 Element was found by: css selector, value: a[href="#tab-image"]
17.04.2020 01:57:20 INFO driver conftest.py:134 Find element by: css selector, value: a#thumb-image
17.04.2020 01:57:20 INFO driver conftest.py:137 Element was found by: css selector, value: a#thumb-image
17.04.2020 01:57:20 INFO driver conftest.py:134 Find element by: css selector, value: button#button-image
17.04.2020 01:57:20 INFO driver conftest.py:137 Element was found by: css selector, value: button#button-image
17.04.2020 01:57:21 INFO driver conftest.py:134 Find element by: css selector, value: button#button-upload
17.04.2020 01:57:21 INFO driver conftest.py:137 Element was found by: css selector, value: button#button-upload
17.04.2020 01:57:23 INFO driver conftest.py:134 Find element by: css selector, value: input[type=file]
17.04.2020 01:57:23 INFO driver conftest.py:137 Element was found by: css selector, value: input[type=file]
17.04.2020 01:57:24 INFO driver conftest.py:125 Value of element input was changed with <C:\fakepath\ModelY.jpg>
17.04.2020 01:57:24 INFO driver conftest.py:134 Find element by: css selector, value: a[href$="ModelY.jpg"]
17.04.2020 01:57:24 INFO driver conftest.py:137 Element was found by: css selector, value: a[href$="ModelY.jpg"]
17.04.2020 01:57:24 ERROR driver conftest.py:143 stale element reference: element is not attached to the page document
  (Session info: chrome=80.0.3987.132)
17.04.2020 01:57:25 WARNING driver conftest.py:114 There are some errors in browser log!
17.04.2020 01:57:25 INFO driver conftest.py:140 Driver quit
17.04.2020 01:57:25 INFO driver conftest.py:89 Browser start..
17.04.2020 01:57:29 INFO driver test_admin_products_page.py:38 ===== test_edit_product =====
17.04.2020 01:57:30 INFO driver BasePage.py:27 Произошел переход на страницу <pages.AdminProductsPage.AdminProductsPage object at 0x105c8d4f0> http://192.168.56.101/opencart/admin/index.php?route=catalog/product
17.04.2020 01:57:30 INFO driver conftest.py:134 Find element by: css selector, value: input#input-username
17.04.2020 01:57:30 INFO driver conftest.py:137 Element was found by: css selector, value: input#input-username
17.04.2020 01:57:30 INFO driver conftest.py:125 Value of element input was changed with <>
17.04.2020 01:57:31 INFO driver conftest.py:125 Value of element input was changed with <admin>
17.04.2020 01:57:31 INFO driver conftest.py:134 Find element by: css selector, value: input#input-password
17.04.2020 01:57:31 INFO driver conftest.py:137 Element was found by: css selector, value: input#input-password
17.04.2020 01:57:31 INFO driver conftest.py:125 Value of element input was changed with <>
17.04.2020 01:57:31 INFO driver conftest.py:125 Value of element input was changed with <admin>
17.04.2020 01:57:31 INFO driver conftest.py:134 Find element by: css selector, value: button[type=submit]
17.04.2020 01:57:31 INFO driver conftest.py:137 Element was found by: css selector, value: button[type=submit]
17.04.2020 01:57:32 INFO driver conftest.py:134 Find element by: css selector, value: a[data-original-title="Add New"]
17.04.2020 01:57:32 INFO driver conftest.py:137 Element was found by: css selector, value: a[data-original-title="Add New"]
17.04.2020 01:57:32 INFO driver conftest.py:134 Find element by: css selector, value: input#input-name1
17.04.2020 01:57:32 INFO driver conftest.py:137 Element was found by: css selector, value: input#input-name1
17.04.2020 01:57:33 INFO driver conftest.py:125 Value of element input was changed with <>
17.04.2020 01:57:33 INFO driver conftest.py:125 Value of element input was changed with <Tesla>
17.04.2020 01:57:33 INFO driver conftest.py:134 Find element by: css selector, value: input#input-name1
17.04.2020 01:57:33 INFO driver conftest.py:137 Element was found by: css selector, value: input#input-name1
17.04.2020 01:57:33 INFO driver conftest.py:134 Find element by: css selector, value: input#input-meta-title1
17.04.2020 01:57:33 INFO driver conftest.py:137 Element was found by: css selector, value: input#input-meta-title1
17.04.2020 01:57:33 INFO driver conftest.py:125 Value of element input was changed with <>
17.04.2020 01:57:33 INFO driver conftest.py:125 Value of element input was changed with <mytag>
17.04.2020 01:57:33 INFO driver conftest.py:134 Find element by: css selector, value: a[href="#tab-data"]
17.04.2020 01:57:33 INFO driver conftest.py:137 Element was found by: css selector, value: a[href="#tab-data"]
17.04.2020 01:57:33 INFO driver conftest.py:134 Find element by: css selector, value: input#input-model
17.04.2020 01:57:33 INFO driver conftest.py:137 Element was found by: css selector, value: input#input-model
17.04.2020 01:57:33 INFO driver conftest.py:125 Value of element input was changed with <>
17.04.2020 01:57:34 INFO driver conftest.py:125 Value of element input was changed with <Model Y>
17.04.2020 01:57:34 INFO driver conftest.py:134 Find element by: css selector, value: input#input-model
17.04.2020 01:57:34 INFO driver conftest.py:137 Element was found by: css selector, value: input#input-model
17.04.2020 01:57:34 INFO driver conftest.py:134 Find element by: css selector, value: button[type=submit]
17.04.2020 01:57:34 INFO driver conftest.py:137 Element was found by: css selector, value: button[type=submit]
17.04.2020 01:57:34 INFO driver conftest.py:134 Find element by: css selector, value: tbody tr
17.04.2020 01:57:35 INFO driver conftest.py:137 Element was found by: css selector, value: tbody tr
17.04.2020 01:57:36 INFO driver conftest.py:134 Find element by: css selector, value: a[href="#tab-data"]
17.04.2020 01:57:36 INFO driver conftest.py:137 Element was found by: css selector, value: a[href="#tab-data"]
17.04.2020 01:57:36 INFO driver conftest.py:134 Find element by: css selector, value: input#input-model
17.04.2020 01:57:36 INFO driver conftest.py:137 Element was found by: css selector, value: input#input-model
17.04.2020 01:57:36 INFO driver conftest.py:134 Find element by: css selector, value: input#input-model
17.04.2020 01:57:36 INFO driver conftest.py:137 Element was found by: css selector, value: input#input-model
17.04.2020 01:57:36 INFO driver conftest.py:125 Value of element input was changed with <>
17.04.2020 01:57:36 INFO driver conftest.py:125 Value of element input was changed with <new model>
17.04.2020 01:57:36 INFO driver conftest.py:134 Find element by: css selector, value: input#input-model
17.04.2020 01:57:36 INFO driver conftest.py:137 Element was found by: css selector, value: input#input-model
17.04.2020 01:57:36 INFO driver conftest.py:134 Find element by: css selector, value: button[type=submit]
17.04.2020 01:57:36 INFO driver conftest.py:137 Element was found by: css selector, value: button[type=submit]
17.04.2020 01:57:37 INFO driver conftest.py:134 Find element by: css selector, value: tbody tr
17.04.2020 01:57:37 INFO driver conftest.py:137 Element was found by: css selector, value: tbody tr
17.04.2020 01:57:38 WARNING driver conftest.py:114 There are some errors in browser log!
17.04.2020 01:57:38 INFO driver conftest.py:140 Driver quit
17.04.2020 01:57:38 INFO driver conftest.py:89 Browser start..
17.04.2020 01:57:41 INFO driver test_admin_products_page.py:55 ===== test_delete_product =====
17.04.2020 01:57:42 INFO driver BasePage.py:27 Произошел переход на страницу <pages.AdminProductsPage.AdminProductsPage object at 0x105c5dc40> http://192.168.56.101/opencart/admin/index.php?route=catalog/product
17.04.2020 01:57:42 INFO driver conftest.py:134 Find element by: css selector, value: input#input-username
17.04.2020 01:57:42 INFO driver conftest.py:137 Element was found by: css selector, value: input#input-username
17.04.2020 01:57:42 INFO driver conftest.py:125 Value of element input was changed with <>
17.04.2020 01:57:42 INFO driver conftest.py:125 Value of element input was changed with <admin>
17.04.2020 01:57:42 INFO driver conftest.py:134 Find element by: css selector, value: input#input-password
17.04.2020 01:57:42 INFO driver conftest.py:137 Element was found by: css selector, value: input#input-password
17.04.2020 01:57:42 INFO driver conftest.py:125 Value of element input was changed with <>
17.04.2020 01:57:42 INFO driver conftest.py:125 Value of element input was changed with <admin>
17.04.2020 01:57:42 INFO driver conftest.py:134 Find element by: css selector, value: button[type=submit]
17.04.2020 01:57:42 INFO driver conftest.py:137 Element was found by: css selector, value: button[type=submit]
17.04.2020 01:57:43 INFO driver conftest.py:134 Find element by: css selector, value: a[data-original-title="Add New"]
17.04.2020 01:57:43 INFO driver conftest.py:137 Element was found by: css selector, value: a[data-original-title="Add New"]
17.04.2020 01:57:44 INFO driver conftest.py:134 Find element by: css selector, value: input#input-name1
17.04.2020 01:57:44 INFO driver conftest.py:137 Element was found by: css selector, value: input#input-name1
17.04.2020 01:57:44 INFO driver conftest.py:125 Value of element input was changed with <>
17.04.2020 01:57:44 INFO driver conftest.py:125 Value of element input was changed with <test>
17.04.2020 01:57:44 INFO driver conftest.py:134 Find element by: css selector, value: input#input-name1
17.04.2020 01:57:44 INFO driver conftest.py:137 Element was found by: css selector, value: input#input-name1
17.04.2020 01:57:44 INFO driver conftest.py:134 Find element by: css selector, value: input#input-meta-title1
17.04.2020 01:57:44 INFO driver conftest.py:137 Element was found by: css selector, value: input#input-meta-title1
17.04.2020 01:57:44 INFO driver conftest.py:125 Value of element input was changed with <>
17.04.2020 01:57:44 INFO driver conftest.py:125 Value of element input was changed with <test>
17.04.2020 01:57:44 INFO driver conftest.py:134 Find element by: css selector, value: a[href="#tab-data"]
17.04.2020 01:57:44 INFO driver conftest.py:137 Element was found by: css selector, value: a[href="#tab-data"]
17.04.2020 01:57:45 INFO driver conftest.py:134 Find element by: css selector, value: input#input-model
17.04.2020 01:57:45 INFO driver conftest.py:137 Element was found by: css selector, value: input#input-model
17.04.2020 01:57:45 INFO driver conftest.py:125 Value of element input was changed with <>
17.04.2020 01:57:45 INFO driver conftest.py:125 Value of element input was changed with <test>
17.04.2020 01:57:45 INFO driver conftest.py:134 Find element by: css selector, value: input#input-model
17.04.2020 01:57:45 INFO driver conftest.py:137 Element was found by: css selector, value: input#input-model
17.04.2020 01:57:45 INFO driver conftest.py:134 Find element by: css selector, value: button[type=submit]
17.04.2020 01:57:45 INFO driver conftest.py:137 Element was found by: css selector, value: button[type=submit]
17.04.2020 01:57:46 INFO driver conftest.py:134 Find element by: css selector, value: tbody tr
17.04.2020 01:57:46 INFO driver conftest.py:137 Element was found by: css selector, value: tbody tr
17.04.2020 01:57:47 INFO driver conftest.py:128 Click on element input
17.04.2020 01:57:47 INFO driver conftest.py:131 Successful click on element input
17.04.2020 01:57:47 INFO driver conftest.py:134 Find element by: css selector, value: button[data-original-title="Delete"]
17.04.2020 01:57:47 INFO driver conftest.py:137 Element was found by: css selector, value: button[data-original-title="Delete"]
17.04.2020 01:57:47 INFO driver conftest.py:134 Find element by: css selector, value: tbody tr
17.04.2020 01:57:48 INFO driver conftest.py:137 Element was found by: css selector, value: tbody tr
17.04.2020 01:57:48 WARNING driver conftest.py:114 There are some errors in browser log!
17.04.2020 01:57:48 INFO driver conftest.py:140 Driver quit
17.04.2020 01:57:48 INFO driver conftest.py:89 Browser start..
17.04.2020 01:57:51 INFO driver test_admin_login_page.py:10 ===== test_admin_login =====
17.04.2020 01:57:53 INFO driver BasePage.py:27 Произошел переход на страницу <pages.AdminLoginPage.AdminLoginPage object at 0x105abf580> http://192.168.56.101/opencart/admin/
17.04.2020 01:57:53 INFO driver conftest.py:134 Find element by: css selector, value: input#input-username
17.04.2020 01:57:53 INFO driver conftest.py:137 Element was found by: css selector, value: input#input-username
17.04.2020 01:57:53 INFO driver conftest.py:125 Value of element input was changed with <>
17.04.2020 01:57:53 INFO driver conftest.py:125 Value of element input was changed with <admin>
17.04.2020 01:57:53 INFO driver conftest.py:134 Find element by: css selector, value: input#input-password
17.04.2020 01:57:53 INFO driver conftest.py:137 Element was found by: css selector, value: input#input-password
17.04.2020 01:57:53 INFO driver conftest.py:125 Value of element input was changed with <>
17.04.2020 01:57:53 INFO driver conftest.py:125 Value of element input was changed with <admin>
17.04.2020 01:57:53 INFO driver conftest.py:134 Find element by: css selector, value: button[type=submit]
17.04.2020 01:57:53 INFO driver conftest.py:137 Element was found by: css selector, value: button[type=submit]
17.04.2020 01:57:55 INFO driver conftest.py:134 Find element by: css selector, value: img#user-profile
17.04.2020 01:57:55 INFO driver conftest.py:137 Element was found by: css selector, value: img#user-profile
17.04.2020 01:57:55 WARNING driver conftest.py:114 There are some errors in browser log!
17.04.2020 01:57:55 INFO driver conftest.py:140 Driver quit
17.04.2020 01:57:55 INFO driver conftest.py:89 Browser start..
17.04.2020 01:57:58 INFO driver test_catalog_page.py:10 ===== test_catalog_page =====
17.04.2020 01:58:00 INFO driver BasePage.py:27 Произошел переход на страницу <pages.CatalogPage.CatalogPage object at 0x105a6a5b0> http://192.168.56.101/opencart/index.php?route=product/category&path=20
17.04.2020 01:58:00 INFO driver conftest.py:134 Find element by: css selector, value: .list-group
17.04.2020 01:58:00 INFO driver conftest.py:137 Element was found by: css selector, value: .list-group
17.04.2020 01:58:00 INFO driver conftest.py:134 Find element by: css selector, value: button#list-view
17.04.2020 01:58:00 INFO driver conftest.py:137 Element was found by: css selector, value: button#list-view
17.04.2020 01:58:00 INFO driver conftest.py:134 Find element by: css selector, value: button#grid-view
17.04.2020 01:58:00 INFO driver conftest.py:137 Element was found by: css selector, value: button#grid-view
17.04.2020 01:58:00 INFO driver conftest.py:134 Find element by: css selector, value: a#compare-total
17.04.2020 01:58:00 INFO driver conftest.py:137 Element was found by: css selector, value: a#compare-total
17.04.2020 01:58:00 INFO driver conftest.py:134 Find element by: css selector, value: select#input-sort
17.04.2020 01:58:00 INFO driver conftest.py:137 Element was found by: css selector, value: select#input-sort
17.04.2020 01:58:00 INFO driver conftest.py:134 Find element by: css selector, value: select#input-limit
17.04.2020 01:58:00 INFO driver conftest.py:137 Element was found by: css selector, value: select#input-limit
17.04.2020 01:58:00 INFO driver conftest.py:140 Driver quit
17.04.2020 01:58:00 INFO driver conftest.py:89 Browser start..
17.04.2020 01:58:03 INFO driver test_main_page.py:10 ===== test_main_page =====
17.04.2020 01:58:04 INFO driver BasePage.py:27 Произошел переход на страницу <pages.MainPage.MainPage object at 0x105a6a2b0> http://192.168.56.101/opencart/
17.04.2020 01:58:04 INFO driver conftest.py:134 Find element by: css selector, value: .image
17.04.2020 01:58:04 INFO driver conftest.py:137 Element was found by: css selector, value: .image
17.04.2020 01:58:04 INFO driver conftest.py:134 Find element by: css selector, value: .caption
17.04.2020 01:58:04 INFO driver conftest.py:137 Element was found by: css selector, value: .caption
17.04.2020 01:58:04 INFO driver conftest.py:134 Find element by: css selector, value: .button-group
17.04.2020 01:58:04 INFO driver conftest.py:137 Element was found by: css selector, value: .button-group
17.04.2020 01:58:04 INFO driver conftest.py:140 Driver quit
17.04.2020 01:58:04 INFO driver conftest.py:89 Browser start..
17.04.2020 01:58:08 INFO driver conftest.py:140 Driver quit
17.04.2020 01:58:08 INFO driver conftest.py:89 Browser start..
17.04.2020 01:58:11 INFO driver test_product_page.py:8 ===== test_add_to_product_comparison =====
17.04.2020 01:58:13 INFO driver BasePage.py:27 Произошел переход на страницу <pages.ProductPage.ProductPage object at 0x105c5d8e0> http://192.168.56.101/opencart/index.php?route=product/product&product_id=40
17.04.2020 01:58:13 INFO driver conftest.py:134 Find element by: css selector, value: div ~ h1
17.04.2020 01:58:13 INFO driver conftest.py:137 Element was found by: css selector, value: div ~ h1
17.04.2020 01:58:13 INFO driver conftest.py:134 Find element by: css selector, value: button[data-original-title="Compare this Product"]
17.04.2020 01:58:13 INFO driver conftest.py:137 Element was found by: css selector, value: button[data-original-title="Compare this Product"]
17.04.2020 01:58:13 INFO driver conftest.py:134 Find element by: link text, value: product comparison
17.04.2020 01:58:14 INFO driver conftest.py:137 Element was found by: link text, value: product comparison
17.04.2020 01:58:14 INFO driver conftest.py:134 Find element by: css selector, value: table > tbody:nth-child(2) > tr:nth-child(1) > td:nth-child(2) strong
17.04.2020 01:58:14 INFO driver conftest.py:137 Element was found by: css selector, value: table > tbody:nth-child(2) > tr:nth-child(1) > td:nth-child(2) strong
17.04.2020 01:58:14 INFO driver conftest.py:140 Driver quit
17.04.2020 01:58:14 INFO driver conftest.py:89 Browser start..
17.04.2020 01:58:17 INFO driver test_product_page.py:26 ===== test_send_review =====
17.04.2020 01:58:18 INFO driver BasePage.py:27 Произошел переход на страницу <pages.ProductPage.ProductPage object at 0x105a6ac10> http://192.168.56.101/opencart/index.php?route=product/product&product_id=40
17.04.2020 01:58:18 INFO driver conftest.py:134 Find element by: partial link text, value: Reviews
17.04.2020 01:58:19 INFO driver conftest.py:137 Element was found by: partial link text, value: Reviews
17.04.2020 01:58:19 INFO driver conftest.py:134 Find element by: partial link text, value: Reviews
17.04.2020 01:58:19 INFO driver conftest.py:137 Element was found by: partial link text, value: Reviews
17.04.2020 01:58:19 INFO driver conftest.py:134 Find element by: css selector, value: #input-name
17.04.2020 01:58:19 INFO driver conftest.py:137 Element was found by: css selector, value: #input-name
17.04.2020 01:58:19 INFO driver conftest.py:134 Find element by: css selector, value: #input-name
17.04.2020 01:58:19 INFO driver conftest.py:137 Element was found by: css selector, value: #input-name
17.04.2020 01:58:19 INFO driver conftest.py:125 Value of element input was changed with <>
17.04.2020 01:58:20 INFO driver conftest.py:125 Value of element input was changed with <Name>
17.04.2020 01:58:20 INFO driver conftest.py:134 Find element by: css selector, value: #input-review
17.04.2020 01:58:20 INFO driver conftest.py:137 Element was found by: css selector, value: #input-review
17.04.2020 01:58:20 INFO driver conftest.py:134 Find element by: css selector, value: #input-review
17.04.2020 01:58:20 INFO driver conftest.py:137 Element was found by: css selector, value: #input-review
17.04.2020 01:58:20 INFO driver conftest.py:125 Value of element textarea was changed with <>
17.04.2020 01:58:20 INFO driver conftest.py:125 Value of element textarea was changed with <This is my first review ever>
17.04.2020 01:58:20 INFO driver conftest.py:134 Find element by: css selector, value: input[name=rating]
17.04.2020 01:58:20 INFO driver conftest.py:137 Element was found by: css selector, value: input[name=rating]
17.04.2020 01:58:20 INFO driver conftest.py:134 Find element by: css selector, value: #button-review
17.04.2020 01:58:20 INFO driver conftest.py:137 Element was found by: css selector, value: #button-review
17.04.2020 01:58:21 INFO driver conftest.py:134 Find element by: css selector, value: .alert
17.04.2020 01:58:21 INFO driver conftest.py:137 Element was found by: css selector, value: .alert
17.04.2020 01:58:21 INFO driver conftest.py:140 Driver quit
17.04.2020 01:58:21 INFO driver conftest.py:89 Browser start..
17.04.2020 01:58:24 INFO driver test_product_page.py:48 ===== test_add_product_to_cart =====
17.04.2020 01:58:25 INFO driver BasePage.py:27 Произошел переход на страницу <pages.ProductPage.ProductPage object at 0x105abf6d0> http://192.168.56.101/opencart/index.php?route=product/product&product_id=40
17.04.2020 01:58:25 INFO driver conftest.py:134 Find element by: css selector, value: input#input-quantity
17.04.2020 01:58:26 INFO driver conftest.py:137 Element was found by: css selector, value: input#input-quantity
17.04.2020 01:58:26 INFO driver conftest.py:125 Value of element input was changed with <>
17.04.2020 01:58:26 INFO driver conftest.py:125 Value of element input was changed with <3>
17.04.2020 01:58:26 INFO driver conftest.py:134 Find element by: css selector, value: button#button-cart
17.04.2020 01:58:26 INFO driver conftest.py:137 Element was found by: css selector, value: button#button-cart
17.04.2020 01:58:26 INFO driver conftest.py:134 Find element by: css selector, value: .alert
17.04.2020 01:58:27 INFO driver conftest.py:137 Element was found by: css selector, value: .alert
17.04.2020 01:58:27 INFO driver conftest.py:140 Driver quit
17.04.2020 01:58:27 INFO driver conftest.py:89 Browser start..
17.04.2020 01:58:30 INFO driver test_search_results_page.py:10 ===== test_products_display =====
17.04.2020 01:58:30 INFO driver BasePage.py:27 Произошел переход на страницу <pages.SearchResultsPage.SearchResultsPage object at 0x105aedfa0> http://192.168.56.101/opencart/index.php?route=product/search&search=iphone
17.04.2020 01:58:30 INFO driver conftest.py:134 Find element by: css selector, value: button#list-view
17.04.2020 01:58:30 INFO driver conftest.py:137 Element was found by: css selector, value: button#list-view
17.04.2020 01:58:31 INFO driver conftest.py:134 Find element by: css selector, value: div.product-list
17.04.2020 01:58:31 INFO driver conftest.py:137 Element was found by: css selector, value: div.product-list
17.04.2020 01:58:31 INFO driver BasePage.py:27 Произошел переход на страницу <pages.SearchResultsPage.SearchResultsPage object at 0x105aedfa0> http://192.168.56.101/opencart/index.php?route=product/search&search=iphone
17.04.2020 01:58:31 INFO driver conftest.py:134 Find element by: css selector, value: button#grid-view
17.04.2020 01:58:31 INFO driver conftest.py:137 Element was found by: css selector, value: button#grid-view
17.04.2020 01:58:31 INFO driver conftest.py:134 Find element by: css selector, value: div.product-grid
17.04.2020 01:58:31 INFO driver conftest.py:137 Element was found by: css selector, value: div.product-grid
17.04.2020 01:58:32 INFO driver conftest.py:140 Driver quit
